<?xml version="1.0" encoding="UTF-8"?>
<!-- Generated by org.testng.reporters.JUnitXMLReporter -->
<testsuite ignored="0" hostname="Lee.local" failures="0" tests="7" name="Smoke Test" time="36.231" errors="0" timestamp="10 Sep 2018 16:26:08 GMT">
  <testcase classname="Framework.TestNGFiles2.annotations" name="test1" time="0.003"/>
  <testcase classname="Framework.TestNGFiles2.annotations" name="test2" time="0.001"/>
  <testcase classname="Framework.TestNGFiles2.annotations1" name="test112" time="0.001"/>
  <testcase classname="Framework.TestNGFiles2.properties_selenium" name="testSelenium" time="14.557"/>
  <testcase classname="Framework.TestNGFiles2.data_driven_propertiesClass" name="login" time="0.002"/>
  <testcase classname="Framework.TestNGFiles2.properties_selenium" name="testSelenium" time="7.889"/>
  <testcase classname="Framework.TestNGFiles2.testing_inheritance_selenium" name="inheritance" time="13.723"/>
</testsuite> <!-- Smoke Test -->
