<?xml version="1.0" encoding="UTF-8"?>
<testsuite xmlns:xsi="http://www.w3.org/2001/XMLSchema-instance" xsi:noNamespaceSchemaLocation="https://maven.apache.org/surefire/maven-surefire-plugin/xsd/surefire-test-report.xsd" name="TestSuite" time="37.279" tests="7" errors="0" skipped="0" failures="0">
  <properties>
[...]
</properties>
  <testcase name="test1" classname="Framework.TestNGFiles2.annotations" time="0.004"/>
  <testcase name="test2" classname="Framework.TestNGFiles2.annotations" time="0"/>
  <testcase name="test112" classname="Framework.TestNGFiles2.annotations1" time="0.001"/>
  <testcase name="testSelenium" classname="Framework.TestNGFiles2.properties_selenium" time="14.557"/>
  <testcase name="login" classname="Framework.TestNGFiles2.data_driven_propertiesClass" time="0.004"/>
  <testcase name="testSelenium" classname="Framework.TestNGFiles2.testing_inheritance_selenium" time="7.89"/>
  <testcase name="inheritance" classname="Framework.TestNGFiles2.testing_inheritance_selenium" time="13.725"/>
</testsuite>