<?xml version="1.0" encoding="UTF-8"?>
<testng-results ignored="0" total="7" passed="7" failed="0" skipped="0">
  <reporter-output>
  </reporter-output>
  <suite started-at="2018-09-10T16:25:31Z" name="Automation Test" finished-at="2018-09-10T16:26:08Z" duration-ms="36231">
    <groups>
    </groups>
    <test started-at="2018-09-10T16:25:31Z" name="Smoke Test" finished-at="2018-09-10T16:26:08Z" duration-ms="36231">
      <class name="Framework.TestNGFiles2.annotations">
        <test-method is-config="true" signature="beforeTest()[pri:0, instance:Framework.TestNGFiles2.annotations@765d7657]" started-at="2018-09-10T16:25:31Z" name="beforeTest" finished-at="2018-09-10T16:25:31Z" duration-ms="1" status="PASS">
          <reporter-output>
          </reporter-output>
        </test-method> <!-- beforeTest -->
        <test-method is-config="true" signature="beforeMethod()[pri:0, instance:Framework.TestNGFiles2.annotations@765d7657]" started-at="2018-09-10T16:25:31Z" name="beforeMethod" finished-at="2018-09-10T16:25:31Z" duration-ms="1" status="PASS">
          <reporter-output>
          </reporter-output>
        </test-method> <!-- beforeMethod -->
        <test-method signature="test1()[pri:0, instance:Framework.TestNGFiles2.annotations@765d7657]" started-at="2018-09-10T16:25:31Z" name="test1" finished-at="2018-09-10T16:25:31Z" duration-ms="3" status="PASS">
          <reporter-output>
          </reporter-output>
        </test-method> <!-- test1 -->
        <test-method is-config="true" signature="afterMethod()[pri:0, instance:Framework.TestNGFiles2.annotations@765d7657]" started-at="2018-09-10T16:25:31Z" name="afterMethod" finished-at="2018-09-10T16:25:31Z" duration-ms="2" status="PASS">
          <reporter-output>
          </reporter-output>
        </test-method> <!-- afterMethod -->
        <test-method is-config="true" signature="beforeMethod()[pri:0, instance:Framework.TestNGFiles2.annotations@765d7657]" started-at="2018-09-10T16:25:31Z" name="beforeMethod" finished-at="2018-09-10T16:25:31Z" duration-ms="3" status="PASS">
          <reporter-output>
          </reporter-output>
        </test-method> <!-- beforeMethod -->
        <test-method signature="test2()[pri:0, instance:Framework.TestNGFiles2.annotations@765d7657]" started-at="2018-09-10T16:25:31Z" name="test2" finished-at="2018-09-10T16:25:31Z" duration-ms="1" status="PASS">
          <reporter-output>
          </reporter-output>
        </test-method> <!-- test2 -->
        <test-method is-config="true" signature="afterMethod()[pri:0, instance:Framework.TestNGFiles2.annotations@765d7657]" started-at="2018-09-10T16:25:31Z" name="afterMethod" finished-at="2018-09-10T16:25:31Z" duration-ms="1" status="PASS">
          <reporter-output>
          </reporter-output>
        </test-method> <!-- afterMethod -->
        <test-method is-config="true" signature="afterTest()[pri:0, instance:Framework.TestNGFiles2.annotations@765d7657]" started-at="2018-09-10T16:26:08Z" name="afterTest" finished-at="2018-09-10T16:26:08Z" duration-ms="0" status="PASS">
          <reporter-output>
          </reporter-output>
        </test-method> <!-- afterTest -->
      </class> <!-- Framework.TestNGFiles2.annotations -->
      <class name="Framework.TestNGFiles2.properties_selenium">
        <test-method signature="testSelenium()[pri:0, instance:Framework.TestNGFiles2.properties_selenium@74235045]" started-at="2018-09-10T16:25:31Z" name="testSelenium" finished-at="2018-09-10T16:25:46Z" duration-ms="14557" status="PASS">
          <reporter-output>
          </reporter-output>
        </test-method> <!-- testSelenium -->
      </class> <!-- Framework.TestNGFiles2.properties_selenium -->
      <class name="Framework.TestNGFiles2.annotations1">
        <test-method is-config="true" signature="beforeSuite()[pri:0, instance:Framework.TestNGFiles2.annotations1@443118b0]" started-at="2018-09-10T16:25:31Z" name="beforeSuite" finished-at="2018-09-10T16:25:31Z" duration-ms="23" status="PASS">
          <reporter-output>
          </reporter-output>
        </test-method> <!-- beforeSuite -->
        <test-method signature="test112()[pri:0, instance:Framework.TestNGFiles2.annotations1@443118b0]" started-at="2018-09-10T16:25:31Z" name="test112" finished-at="2018-09-10T16:25:31Z" duration-ms="1" status="PASS">
          <reporter-output>
          </reporter-output>
        </test-method> <!-- test112 -->
        <test-method is-config="true" signature="afterSuite()[pri:0, instance:Framework.TestNGFiles2.annotations1@443118b0]" started-at="2018-09-10T16:26:08Z" name="afterSuite" finished-at="2018-09-10T16:26:08Z" duration-ms="0" status="PASS">
          <reporter-output>
          </reporter-output>
        </test-method> <!-- afterSuite -->
      </class> <!-- Framework.TestNGFiles2.annotations1 -->
      <class name="Framework.TestNGFiles2.testing_inheritance_selenium">
        <test-method signature="testSelenium()[pri:0, instance:Framework.TestNGFiles2.testing_inheritance_selenium@2d3379b4]" started-at="2018-09-10T16:25:46Z" name="testSelenium" finished-at="2018-09-10T16:25:54Z" duration-ms="7889" status="PASS">
          <reporter-output>
          </reporter-output>
        </test-method> <!-- testSelenium -->
        <test-method signature="inheritance()[pri:0, instance:Framework.TestNGFiles2.testing_inheritance_selenium@2d3379b4]" started-at="2018-09-10T16:25:54Z" name="inheritance" finished-at="2018-09-10T16:26:08Z" duration-ms="13723" status="PASS">
          <reporter-output>
          </reporter-output>
        </test-method> <!-- inheritance -->
      </class> <!-- Framework.TestNGFiles2.testing_inheritance_selenium -->
      <class name="Framework.TestNGFiles2.data_driven_propertiesClass">
        <test-method signature="login()[pri:0, instance:Framework.TestNGFiles2.data_driven_propertiesClass@618b19ad]" started-at="2018-09-10T16:25:46Z" name="login" finished-at="2018-09-10T16:25:46Z" duration-ms="2" status="PASS">
          <reporter-output>
          </reporter-output>
        </test-method> <!-- login -->
      </class> <!-- Framework.TestNGFiles2.data_driven_propertiesClass -->
    </test> <!-- Smoke Test -->
  </suite> <!-- Automation Test -->
</testng-results>
